<?xml version="1.0" encoding="UTF-8"?>
<!-- Generated by org.testng.reporters.JUnitReportReporter -->
<testsuite hostname="C11-GN20EJ5WZIX" failures="0" tests="1" name="demoProject.UITest" time="22.881" errors="0" timestamp="2024-04-16T12:57:27 BST" skipped="0">
  <testcase classname="demoProject.UITest" name="checkProductName" time="22.881"/>
  <system-out/>
</testsuite> <!-- demoProject.UITest -->
