<?xml version="1.0" encoding="UTF-8"?>
<!-- Generated by org.testng.reporters.JUnitReportReporter -->
<testsuite hostname="C11-GN20EJ5WZIX" failures="0" tests="4" name="test.java.demoProject.APITest" time="3.525" errors="0" timestamp="2024-04-16T12:57:27 BST" skipped="0">
  <testcase classname="test.java.demoProject.APITest" name="verifyAPI" time="2.407"/>
  <system-out/>
  <testcase classname="test.java.demoProject.APITest" name="verifyPUTAPI" time="0.813"/>
  <system-out/>
  <testcase classname="test.java.demoProject.APITest" name="verifyDeleteAPI" time="0.157"/>
  <system-out/>
  <testcase classname="test.java.demoProject.APITest" name="verifyPOSTAPI" time="0.148"/>
  <system-out/>
</testsuite> <!-- test.java.demoProject.APITest -->
